C:\Program Files (x86)\Microsoft Visual Studio\2019\Community\MSBuild\Microsoft\VC\v160\Microsoft.CppBuild.targets(453,5): warning MSB8004: Output Directory does not end with a trailing slash.  This build instance will add the slash as it is required to allow proper evaluation of the Output Directory.
  main3_sep.cpp
C:\Users\rslaj\Documents\01_University\2020\T2\ELEC4622\Project_2\Project2\Task3\main3_sep.cpp(94,27): warning C4018: '<': signed/unsigned mismatch
C:\Users\rslaj\Documents\01_University\2020\T2\ELEC4622\Project_2\Project2\Task3\main3_sep.cpp(98,27): warning C4018: '<': signed/unsigned mismatch
C:\Users\rslaj\Documents\01_University\2020\T2\ELEC4622\Project_2\Project2\Task3\main3_sep.cpp(102,27): warning C4018: '<': signed/unsigned mismatch
C:\Users\rslaj\Documents\01_University\2020\T2\ELEC4622\Project_2\Project2\Task3\main3_sep.cpp(106,27): warning C4018: '<': signed/unsigned mismatch
C:\Users\rslaj\Documents\01_University\2020\T2\ELEC4622\Project_2\Project2\Task3\main3_sep.cpp(263,21): warning C4244: 'initializing': conversion from 'double' to 'float', possible loss of data
C:\Users\rslaj\Documents\01_University\2020\T2\ELEC4622\Project_2\Project2\Task3\main3_sep.cpp(264,21): warning C4244: 'initializing': conversion from 'double' to 'float', possible loss of data
C:\Users\rslaj\Documents\01_University\2020\T2\ELEC4622\Project_2\Project2\Task3\main3_sep.cpp(265,17): warning C4244: 'initializing': conversion from 'int' to 'float', possible loss of data
C:\Users\rslaj\Documents\01_University\2020\T2\ELEC4622\Project_2\Project2\Task3\main3_sep.cpp(266,11): warning C4244: 'initializing': conversion from 'double' to 'int', possible loss of data
C:\Users\rslaj\Documents\01_University\2020\T2\ELEC4622\Project_2\Project2\Task3\main3_sep.cpp(274,28): warning C4244: '=': conversion from 'double' to '_Ty', possible loss of data
          with
          [
              _Ty=float
          ]
C:\Users\rslaj\Documents\01_University\2020\T2\ELEC4622\Project_2\Project2\Task3\main3_sep.cpp(279,27): warning C4018: '<': signed/unsigned mismatch
C:\Users\rslaj\Documents\01_University\2020\T2\ELEC4622\Project_2\Project2\Task3\main3_sep.cpp(293,27): warning C4018: '<': signed/unsigned mismatch
C:\Users\rslaj\Documents\01_University\2020\T2\ELEC4622\Project_2\Project2\Task3\main3_sep.cpp(340,47): warning C4018: '<': signed/unsigned mismatch
  Generating code
  3 of 229 functions ( 1.3%) were compiled, the rest were copied from previous compilation.
    0 functions were new in current compilation
    0 functions had inline decision re-evaluated but remain unchanged
  Finished generating code
  Task3.vcxproj -> C:\Users\rslaj\Documents\01_University\2020\T2\ELEC4622\Project_2\Project2\Task3\..\..\Executables\Task3.exe
